TN:
SF:contracts/script/DeployAll.s.sol
DA:26,0
FN:26,DeployAll.run
FNDA:0,DeployAll.run
DA:27,0
DA:28,0
DA:31,0
DA:32,0
DA:34,0
DA:36,0
DA:40,0
DA:48,0
DA:51,0
DA:52,0
DA:60,0
DA:68,0
DA:80,0
FN:80,DeployAll._executePresaleDeployment
FNDA:0,DeployAll._executePresaleDeployment
DA:88,0
DA:92,0
DA:95,0
DA:98,0
DA:103,0
FNF:2
FNH:0
LF:19
LH:0
BRF:0
BRH:0
end_of_record
TN:
SF:contracts/src/CrownPropertyCollection.sol
DA:69,9
FN:69,CrownPropertyCollection.constructor
FNDA:9,CrownPropertyCollection.constructor
DA:75,9
DA:76,9
DA:84,755
FN:84,CrownPropertyCollection.mint
FNDA:755,CrownPropertyCollection.mint
DA:85,754
BRDA:85,0,0,1
DA:87,753
DA:91,753
DA:94,753
DA:96,753
DA:104,2
FN:104,CrownPropertyCollection.updateBaseURI
FNDA:2,CrownPropertyCollection.updateBaseURI
DA:105,1
DA:106,1
DA:119,257
FN:119,CrownPropertyCollection.tokenURI
FNDA:257,CrownPropertyCollection.tokenURI
DA:122,257
DA:124,256
DA:126,256
DA:127,256
DA:141,256
FN:141,CrownPropertyCollection._baseURI
FNDA:256,CrownPropertyCollection._baseURI
DA:142,256
FNF:5
FNH:5
LF:19
LH:19
BRF:1
BRH:1
end_of_record
TN:
SF:contracts/src/CrownPropertyMarketplace.sol
DA:151,272
FN:151,CrownPropertyMarketplace.listProperty
FNDA:272,CrownPropertyMarketplace.listProperty
DA:156,272
BRDA:156,0,0,1
DA:157,271
BRDA:157,1,0,1
DA:159,270
DA:160,270
BRDA:160,2,0,1
DA:163,269
DA:164,269
DA:166,269
BRDA:166,3,0,1
DA:167,268
DA:168,1
BRDA:168,4,0,1
DA:170,267
DA:177,267
DA:179,267
DA:188,2
FN:188,CrownPropertyMarketplace.cancelListing
FNDA:2,CrownPropertyMarketplace.cancelListing
DA:193,2
DA:194,2
BRDA:194,5,0,1
DA:198,1
DA:207,3
FN:207,CrownPropertyMarketplace.updateListingPrice
FNDA:3,CrownPropertyMarketplace.updateListingPrice
DA:212,3
BRDA:212,6,0,1
DA:214,2
DA:215,2
BRDA:215,7,0,1
DA:217,1
DA:219,1
DA:228,260
FN:228,CrownPropertyMarketplace.buyProperty
FNDA:260,CrownPropertyMarketplace.buyProperty
DA:233,260
DA:235,260
BRDA:235,8,0,1
DA:236,259
BRDA:236,9,0,1
DA:241,258
DA:242,258
DA:244,258
DA:247,258
DA:248,258
BRDA:248,10,0,1
DA:251,257
DA:257,257
DA:276,2
FN:276,CrownPropertyMarketplace.updateListingFee
FNDA:2,CrownPropertyMarketplace.updateListingFee
DA:277,1
DA:278,1
DA:286,4
FN:286,CrownPropertyMarketplace.withdrawMarketplaceFees
FNDA:4,CrownPropertyMarketplace.withdrawMarketplaceFees
DA:287,3
DA:288,3
BRDA:288,11,0,1
DA:290,2
DA:292,2
DA:293,2
BRDA:293,12,0,1
FNF:6
FNH:6
LF:43
LH:43
BRF:13
BRH:13
end_of_record
TN:
SF:contracts/src/CrownPropertyToken.sol
DA:76,15
FN:76,CrownPropertyToken.constructor
FNDA:15,CrownPropertyToken.constructor
DA:81,15
DA:82,15
DA:84,15
DA:85,15
DA:88,15
DA:100,261
FN:100,CrownPropertyToken.addToBlacklist
FNDA:261,CrownPropertyToken.addToBlacklist
DA:103,260
DA:104,260
DA:112,1
FN:112,CrownPropertyToken.removeFromBlacklist
FNDA:1,CrownPropertyToken.removeFromBlacklist
DA:115,1
DA:116,1
DA:127,1
FN:127,CrownPropertyToken.cap
FNDA:1,CrownPropertyToken.cap
DA:128,1
DA:142,1054
FN:142,CrownPropertyToken._update
FNDA:1054,CrownPropertyToken._update
DA:147,258
BRDA:147,0,0,258
DA:148,257
BRDA:148,1,0,257
DA:151,539
BRDA:151,2,0,15
DA:152,15
DA:153,15
BRDA:153,3,0,-
DA:154,0
DA:158,539
FNF:5
FNH:5
LF:22
LH:21
BRF:4
BRH:3
end_of_record
TN:
SF:contracts/src/Presale.sol
DA:81,6
FN:81,Presale.whenNotPaused
FNDA:6,Presale.whenNotPaused
DA:82,1
BRDA:82,0,0,1
DA:94,29
FN:94,Presale.constructor
FNDA:29,Presale.constructor
DA:99,29
BRDA:99,1,0,1
DA:100,28
BRDA:100,2,0,1
DA:101,27
BRDA:101,3,0,1
DA:103,26
DA:104,26
DA:105,26
DA:114,5
FN:114,Presale.setPaused
FNDA:5,Presale.setPaused
DA:115,4
DA:116,4
DA:123,7
FN:123,Presale.emergencyWithdraw
FNDA:7,Presale.emergencyWithdraw
DA:124,6
BRDA:124,4,0,3
BRDA:124,4,1,2
DA:125,3
DA:126,3
BRDA:126,5,0,1
DA:128,2
DA:129,2
BRDA:129,6,0,1
DA:131,3
DA:132,3
DA:133,3
BRDA:133,7,0,1
DA:135,2
DA:144,9
FN:144,Presale.buyWithStablecoin
FNDA:9,Presale.buyWithStablecoin
DA:145,8
BRDA:145,8,0,1
DA:146,1
DA:148,7
BRDA:148,9,0,1
DA:152,6
DA:154,6
BRDA:154,10,0,1
DA:155,1
DA:158,5
DA:159,5
DA:161,5
DA:167,6
FN:167,Presale.buyWithETH
FNDA:6,Presale.buyWithETH
DA:168,5
DA:169,5
BRDA:169,11,0,1
DA:172,4
DA:174,4
BRDA:174,12,0,1
DA:175,1
DA:178,3
DA:180,3
FNF:6
FNH:6
LF:40
LH:40
BRF:14
BRH:14
end_of_record
TN:
SF:contracts/test/CrownPropertyMarketplace.t.sol
DA:15,14
FN:15,MockERC721.mint
FNDA:14,MockERC721.mint
DA:16,14
DA:27,2
FN:27,RevertingReceiver.receive
FNDA:2,RevertingReceiver.receive
DA:28,2
FNF:2
FNH:2
LF:4
LH:4
BRF:0
BRH:0
end_of_record
TN:
SF:contracts/test/Presale.t.sol
DA:15,7
FN:15,MockERC20.mint.0
FNDA:7,MockERC20.mint.0
DA:16,7
DA:27,1
FN:27,RevertingERC20.mint.1
FNDA:1,RevertingERC20.mint.1
DA:28,1
DA:31,1
FN:31,RevertingERC20.transfer
FNDA:1,RevertingERC20.transfer
DA:32,1
DA:41,1
FN:41,RevertingReceiver.receive
FNDA:1,RevertingReceiver.receive
DA:42,1
FNF:4
FNH:4
LF:8
LH:8
BRF:0
BRH:0
end_of_record
TN:
SF:contracts/test/mocks/MockStablecoin.sol
DA:24,2
FN:24,MockStablecoin.mint
FNDA:2,MockStablecoin.mint
DA:25,2
DA:32,0
FN:32,MockStablecoin.decimals
FNDA:0,MockStablecoin.decimals
DA:33,0
FNF:2
FNH:1
LF:4
LH:2
BRF:0
BRH:0
end_of_record
